<?xml version="1.0" encoding="UTF-8"?>
<testsuite xmlns:xsi="http://www.w3.org/2001/XMLSchema-instance" xsi:noNamespaceSchemaLocation="https://maven.apache.org/surefire/maven-surefire-plugin/xsd/surefire-test-report.xsd" version="3.0.2" name="br.com.will.ExchangeServiceApplicationTests" time="3.128" tests="1" errors="0" skipped="0" failures="0">
  <properties>
[...]
</properties>
  <testcase name="contextLoads" classname="br.com.will.ExchangeServiceApplicationTests" time="0.566">
    <system-out><![CDATA[12:44:28.419 [main] INFO org.springframework.test.context.support.AnnotationConfigContextLoaderUtils -- Could not detect default configuration classes for test class [br.com.will.ExchangeServiceApplicationTests]: ExchangeServiceApplicationTests does not declare any static, non-private, non-final, nested classes annotated with @Configuration.
12:44:28.515 [main] INFO org.springframework.boot.test.context.SpringBootTestContextBootstrapper -- Found @SpringBootConfiguration br.com.will.ExchangeServiceApplication for test class br.com.will.ExchangeServiceApplicationTests
12:44:28.669 [main] INFO org.springframework.boot.devtools.restart.RestartApplicationListener -- Restart disabled due to context in which it is running

  .   ____          _            __ _ _
 /\\ / ___'_ __ _ _(_)_ __  __ _ \ \ \ \
( ( )\___ | '_ | '_| | '_ \/ _` | \ \ \ \
 \\/  ___)| |_)| | | | | || (_| |  ) ) ) )
  '  |____| .__|_| |_|_| |_\__, | / / / /
 =========|_|==============|___/=/_/_/_/

 :: Spring Boot ::                (v3.5.7)

2025-10-24T12:44:28.957-03:00  INFO 10376 --- [           main] b.c.w.ExchangeServiceApplicationTests    : Starting ExchangeServiceApplicationTests using Java 21.0.9 with PID 10376 (started by William in C:\workspace\microservices2025\exchange-service)
2025-10-24T12:44:28.960-03:00  INFO 10376 --- [           main] b.c.w.ExchangeServiceApplicationTests    : No active profile set, falling back to 1 default profile: "default"
2025-10-24T12:44:30.610-03:00  INFO 10376 --- [           main] o.s.b.a.e.web.EndpointLinksResolver      : Exposing 1 endpoint beneath base path '/actuator'
2025-10-24T12:44:30.671-03:00  INFO 10376 --- [           main] b.c.w.ExchangeServiceApplicationTests    : Started ExchangeServiceApplicationTests in 2.011 seconds (process running for 2.858)
]]></system-out>
    <system-err><![CDATA[Mockito is currently self-attaching to enable the inline-mock-maker. This will no longer work in future releases of the JDK. Please add Mockito as an agent to your build as described in Mockito's documentation: https://javadoc.io/doc/org.mockito/mockito-core/latest/org.mockito/org/mockito/Mockito.html#0.3
WARNING: A Java agent has been loaded dynamically (C:\Users\William\.m2\repository\net\bytebuddy\byte-buddy-agent\1.17.8\byte-buddy-agent-1.17.8.jar)
WARNING: If a serviceability tool is in use, please run with -XX:+EnableDynamicAgentLoading to hide this warning
WARNING: If a serviceability tool is not in use, please run with -Djdk.instrument.traceUsage for more information
WARNING: Dynamic loading of agents will be disallowed by default in a future release
]]></system-err>
  </testcase>
</testsuite>