<?xml version="1.0" encoding="UTF-8"?>
<testsuite xmlns:xsi="http://www.w3.org/2001/XMLSchema-instance" xsi:noNamespaceSchemaLocation="https://maven.apache.org/surefire/maven-surefire-plugin/xsd/surefire-test-report.xsd" version="3.0.2" name="br.com.will.ExchangeServiceApplicationTests" time="7.951" tests="1" errors="0" skipped="0" failures="0">
  <properties>
[...]
</properties>
  <testcase name="contextLoads" classname="br.com.will.ExchangeServiceApplicationTests" time="0.389">
    <system-out><![CDATA[17:44:04.518 [main] INFO org.springframework.test.context.support.AnnotationConfigContextLoaderUtils -- Could not detect default configuration classes for test class [br.com.will.ExchangeServiceApplicationTests]: ExchangeServiceApplicationTests does not declare any static, non-private, non-final, nested classes annotated with @Configuration.
17:44:04.633 [main] INFO org.springframework.boot.test.context.SpringBootTestContextBootstrapper -- Found @SpringBootConfiguration br.com.will.ExchangeServiceApplication for test class br.com.will.ExchangeServiceApplicationTests
17:44:04.997 [main] INFO org.springframework.boot.devtools.restart.RestartApplicationListener -- Restart disabled due to context in which it is running

  .   ____          _            __ _ _
 /\\ / ___'_ __ _ _(_)_ __  __ _ \ \ \ \
( ( )\___ | '_ | '_| | '_ \/ _` | \ \ \ \
 \\/  ___)| |_)| | | | | || (_| |  ) ) ) )
  '  |____| .__|_| |_|_| |_\__, | / / / /
 =========|_|==============|___/=/_/_/_/

 :: Spring Boot ::                (v3.5.7)

2025-10-28T17:44:05.407-03:00  INFO 23200 --- [exchange-service] [           main] b.c.w.ExchangeServiceApplicationTests    : Starting ExchangeServiceApplicationTests using Java 21.0.9 with PID 23200 (started by William in C:\workspace\microservices2025\exchange-service)
2025-10-28T17:44:05.409-03:00  INFO 23200 --- [exchange-service] [           main] b.c.w.ExchangeServiceApplicationTests    : No active profile set, falling back to 1 default profile: "default"
2025-10-28T17:44:06.591-03:00  INFO 23200 --- [exchange-service] [           main] .s.d.r.c.RepositoryConfigurationDelegate : Bootstrapping Spring Data JPA repositories in DEFAULT mode.
2025-10-28T17:44:06.783-03:00  INFO 23200 --- [exchange-service] [           main] .s.d.r.c.RepositoryConfigurationDelegate : Finished Spring Data repository scanning in 178 ms. Found 1 JPA repository interface.
2025-10-28T17:44:06.986-03:00  INFO 23200 --- [exchange-service] [           main] o.s.cloud.context.scope.GenericScope     : BeanFactory id=946b7928-c6cf-3e17-91f1-bc827333823c
2025-10-28T17:44:07.645-03:00  INFO 23200 --- [exchange-service] [           main] com.zaxxer.hikari.HikariDataSource       : HikariPool-1 - Starting...
2025-10-28T17:44:08.059-03:00  INFO 23200 --- [exchange-service] [           main] com.zaxxer.hikari.pool.HikariPool        : HikariPool-1 - Added connection com.mysql.cj.jdbc.ConnectionImpl@615ef20
2025-10-28T17:44:08.064-03:00  INFO 23200 --- [exchange-service] [           main] com.zaxxer.hikari.HikariDataSource       : HikariPool-1 - Start completed.
2025-10-28T17:44:08.135-03:00  INFO 23200 --- [exchange-service] [           main] org.flywaydb.core.FlywayExecutor         : Database: jdbc:mysql://localhost:3306/exchange_service (MySQL 8.4)
2025-10-28T17:44:08.153-03:00  WARN 23200 --- [exchange-service] [           main] o.f.c.internal.database.base.Database    : Flyway upgrade recommended: MySQL 8.4 is newer than this version of Flyway and support has not been tested. The latest supported version of MySQL is 8.1.
2025-10-28T17:44:08.240-03:00  INFO 23200 --- [exchange-service] [           main] o.f.core.internal.command.DbValidate     : Successfully validated 2 migrations (execution time 00:00.065s)
2025-10-28T17:44:08.262-03:00  INFO 23200 --- [exchange-service] [           main] o.f.core.internal.command.DbMigrate      : Current version of schema `exchange_service`: 2
2025-10-28T17:44:08.267-03:00  INFO 23200 --- [exchange-service] [           main] o.f.core.internal.command.DbMigrate      : Schema `exchange_service` is up to date. No migration necessary.
2025-10-28T17:44:08.429-03:00  INFO 23200 --- [exchange-service] [           main] o.hibernate.jpa.internal.util.LogHelper  : HHH000204: Processing PersistenceUnitInfo [name: default]
2025-10-28T17:44:08.560-03:00  INFO 23200 --- [exchange-service] [           main] org.hibernate.Version                    : HHH000412: Hibernate ORM core version 6.6.33.Final
2025-10-28T17:44:08.633-03:00  INFO 23200 --- [exchange-service] [           main] o.h.c.internal.RegionFactoryInitiator    : HHH000026: Second-level cache disabled
2025-10-28T17:44:08.978-03:00  INFO 23200 --- [exchange-service] [           main] o.s.o.j.p.SpringPersistenceUnitInfo      : No LoadTimeWeaver setup: ignoring JPA class transformer
2025-10-28T17:44:09.072-03:00  INFO 23200 --- [exchange-service] [           main] org.hibernate.orm.connections.pooling    : HHH10001005: Database info:
	Database JDBC URL [Connecting through datasource 'HikariDataSource (HikariPool-1)']
	Database driver: undefined/unknown
	Database version: 8.4.7
	Autocommit mode: undefined/unknown
	Isolation level: undefined/unknown
	Minimum pool size: undefined/unknown
	Maximum pool size: undefined/unknown
2025-10-28T17:44:09.811-03:00  INFO 23200 --- [exchange-service] [           main] o.h.e.t.j.p.i.JtaPlatformInitiator       : HHH000489: No JTA platform available (set 'hibernate.transaction.jta.platform' to enable JTA platform integration)
2025-10-28T17:44:09.814-03:00  INFO 23200 --- [exchange-service] [           main] j.LocalContainerEntityManagerFactoryBean : Initialized JPA EntityManagerFactory for persistence unit 'default'
2025-10-28T17:44:11.221-03:00  INFO 23200 --- [exchange-service] [           main] DiscoveryClientOptionalArgsConfiguration : Eureka HTTP Client uses RestTemplate.
2025-10-28T17:44:11.280-03:00  WARN 23200 --- [exchange-service] [           main] iguration$LoadBalancerCaffeineWarnLogger : Spring Cloud LoadBalancer is currently working with the default cache. While this cache implementation is useful for development and tests, it's recommended to use Caffeine cache in production.You can switch to using Caffeine cache, by adding it and org.springframework.cache.caffeine.CaffeineCacheManager to the classpath.
2025-10-28T17:44:11.298-03:00  INFO 23200 --- [exchange-service] [           main] o.s.b.a.e.web.EndpointLinksResolver      : Exposing 1 endpoint beneath base path '/actuator'
2025-10-28T17:44:11.455-03:00  INFO 23200 --- [exchange-service] [           main] o.s.c.n.eureka.InstanceInfoFactory       : Setting initial instance status as: STARTING
2025-10-28T17:44:11.490-03:00  INFO 23200 --- [exchange-service] [           main] com.netflix.discovery.DiscoveryClient    : Initializing Eureka in region us-east-1
2025-10-28T17:44:11.495-03:00  INFO 23200 --- [exchange-service] [           main] c.n.d.s.r.aws.ConfigClusterResolver      : Resolving eureka endpoints via configuration
2025-10-28T17:44:11.504-03:00  INFO 23200 --- [exchange-service] [           main] com.netflix.discovery.DiscoveryClient    : Disable delta property : false
2025-10-28T17:44:11.504-03:00  INFO 23200 --- [exchange-service] [           main] com.netflix.discovery.DiscoveryClient    : Single vip registry refresh property : null
2025-10-28T17:44:11.504-03:00  INFO 23200 --- [exchange-service] [           main] com.netflix.discovery.DiscoveryClient    : Force full registry fetch : false
2025-10-28T17:44:11.504-03:00  INFO 23200 --- [exchange-service] [           main] com.netflix.discovery.DiscoveryClient    : Application is null : false
2025-10-28T17:44:11.504-03:00  INFO 23200 --- [exchange-service] [           main] com.netflix.discovery.DiscoveryClient    : Registered Applications size is zero : true
2025-10-28T17:44:11.505-03:00  INFO 23200 --- [exchange-service] [           main] com.netflix.discovery.DiscoveryClient    : Application version is -1: true
2025-10-28T17:44:11.505-03:00  INFO 23200 --- [exchange-service] [           main] com.netflix.discovery.DiscoveryClient    : Getting all instance registry info from the eureka server
2025-10-28T17:44:11.789-03:00  INFO 23200 --- [exchange-service] [           main] com.netflix.discovery.DiscoveryClient    : The response status is 200
2025-10-28T17:44:11.791-03:00  INFO 23200 --- [exchange-service] [           main] com.netflix.discovery.DiscoveryClient    : Starting heartbeat executor: renew interval is: 30
2025-10-28T17:44:11.793-03:00  INFO 23200 --- [exchange-service] [           main] c.n.discovery.InstanceInfoReplicator     : InstanceInfoReplicator onDemand update allowed rate per min is 4
2025-10-28T17:44:11.794-03:00  INFO 23200 --- [exchange-service] [           main] com.netflix.discovery.DiscoveryClient    : Discovery Client initialized at timestamp 1761684251794 with initial instances count: 1
2025-10-28T17:44:11.798-03:00  INFO 23200 --- [exchange-service] [           main] o.s.c.n.e.s.EurekaServiceRegistry        : Registering application EXCHANGE-SERVICE with eureka with status UP
2025-10-28T17:44:11.799-03:00  INFO 23200 --- [exchange-service] [           main] com.netflix.discovery.DiscoveryClient    : Saw local status change event StatusChangeEvent [timestamp=1761684251799, current=UP, previous=STARTING]
2025-10-28T17:44:11.800-03:00  INFO 23200 --- [exchange-service] [foReplicator-%d] com.netflix.discovery.DiscoveryClient    : DiscoveryClient_EXCHANGE-SERVICE/CW:exchange-service:8000: registering service...
2025-10-28T17:44:11.814-03:00  INFO 23200 --- [exchange-service] [           main] b.c.w.ExchangeServiceApplicationTests    : Started ExchangeServiceApplicationTests in 6.831 seconds (process running for 8.05)
2025-10-28T17:44:11.850-03:00  INFO 23200 --- [exchange-service] [foReplicator-%d] com.netflix.discovery.DiscoveryClient    : DiscoveryClient_EXCHANGE-SERVICE/CW:exchange-service:8000 - registration status: 204
]]></system-out>
    <system-err><![CDATA[Mockito is currently self-attaching to enable the inline-mock-maker. This will no longer work in future releases of the JDK. Please add Mockito as an agent to your build as described in Mockito's documentation: https://javadoc.io/doc/org.mockito/mockito-core/latest/org.mockito/org/mockito/Mockito.html#0.3
WARNING: A Java agent has been loaded dynamically (C:\Users\William\.m2\repository\net\bytebuddy\byte-buddy-agent\1.17.8\byte-buddy-agent-1.17.8.jar)
WARNING: If a serviceability tool is in use, please run with -XX:+EnableDynamicAgentLoading to hide this warning
WARNING: If a serviceability tool is not in use, please run with -Djdk.instrument.traceUsage for more information
WARNING: Dynamic loading of agents will be disallowed by default in a future release
]]></system-err>
  </testcase>
</testsuite>