<?xml version="1.0" encoding="UTF-8"?>
<testsuite xmlns:xsi="http://www.w3.org/2001/XMLSchema-instance" xsi:noNamespaceSchemaLocation="https://maven.apache.org/surefire/maven-surefire-plugin/xsd/surefire-test-report.xsd" version="3.0.2" name="br.com.will.BookServiceApplicationTests" time="6.423" tests="1" errors="0" skipped="0" failures="0">
  <properties>
[...]
</properties>
  <testcase name="contextLoads" classname="br.com.will.BookServiceApplicationTests" time="0.423">
    <system-out><![CDATA[18:03:15.088 [main] INFO org.springframework.test.context.support.AnnotationConfigContextLoaderUtils -- Could not detect default configuration classes for test class [br.com.will.BookServiceApplicationTests]: BookServiceApplicationTests does not declare any static, non-private, non-final, nested classes annotated with @Configuration.
18:03:15.189 [main] INFO org.springframework.boot.test.context.SpringBootTestContextBootstrapper -- Found @SpringBootConfiguration br.com.will.BookServiceApplication for test class br.com.will.BookServiceApplicationTests
18:03:15.519 [main] INFO org.springframework.boot.devtools.restart.RestartApplicationListener -- Restart disabled due to context in which it is running

  .   ____          _            __ _ _
 /\\ / ___'_ __ _ _(_)_ __  __ _ \ \ \ \
( ( )\___ | '_ | '_| | '_ \/ _` | \ \ \ \
 \\/  ___)| |_)| | | | | || (_| |  ) ) ) )
  '  |____| .__|_| |_|_| |_\__, | / / / /
 =========|_|==============|___/=/_/_/_/

 :: Spring Boot ::                (v3.5.7)

2025-10-24T18:03:15.943-03:00  INFO 13448 --- [book-service] [           main] b.com.will.BookServiceApplicationTests   : Starting BookServiceApplicationTests using Java 21.0.9 with PID 13448 (started by William in C:\workspace\microservices2025\book-service)
2025-10-24T18:03:15.945-03:00  INFO 13448 --- [book-service] [           main] b.com.will.BookServiceApplicationTests   : No active profile set, falling back to 1 default profile: "default"
2025-10-24T18:03:17.027-03:00  INFO 13448 --- [book-service] [           main] .s.d.r.c.RepositoryConfigurationDelegate : Bootstrapping Spring Data JPA repositories in DEFAULT mode.
2025-10-24T18:03:17.056-03:00  INFO 13448 --- [book-service] [           main] .s.d.r.c.RepositoryConfigurationDelegate : Finished Spring Data repository scanning in 16 ms. Found 0 JPA repository interfaces.
2025-10-24T18:03:17.171-03:00  INFO 13448 --- [book-service] [           main] o.s.cloud.context.scope.GenericScope     : BeanFactory id=91e7156e-5fea-3a51-891f-e04413bb8655
2025-10-24T18:03:17.752-03:00  INFO 13448 --- [book-service] [           main] com.zaxxer.hikari.HikariDataSource       : HikariPool-1 - Starting...
2025-10-24T18:03:18.137-03:00  INFO 13448 --- [book-service] [           main] com.zaxxer.hikari.pool.HikariPool        : HikariPool-1 - Added connection com.mysql.cj.jdbc.ConnectionImpl@5c4714ef
2025-10-24T18:03:18.139-03:00  INFO 13448 --- [book-service] [           main] com.zaxxer.hikari.HikariDataSource       : HikariPool-1 - Start completed.
2025-10-24T18:03:18.193-03:00  INFO 13448 --- [book-service] [           main] org.flywaydb.core.FlywayExecutor         : Database: jdbc:mysql://localhost:3306/book_service (MySQL 8.4)
2025-10-24T18:03:18.208-03:00  WARN 13448 --- [book-service] [           main] o.f.c.internal.database.base.Database    : Flyway upgrade recommended: MySQL 8.4 is newer than this version of Flyway and support has not been tested. The latest supported version of MySQL is 8.1.
2025-10-24T18:03:18.237-03:00  INFO 13448 --- [book-service] [           main] o.f.c.i.s.JdbcTableSchemaHistory         : Schema history table `book_service`.`flyway_schema_history` does not exist yet
2025-10-24T18:03:18.242-03:00  INFO 13448 --- [book-service] [           main] o.f.core.internal.command.DbValidate     : Successfully validated 2 migrations (execution time 00:00.022s)
2025-10-24T18:03:18.263-03:00  INFO 13448 --- [book-service] [           main] o.f.c.i.s.JdbcTableSchemaHistory         : Creating Schema History table `book_service`.`flyway_schema_history` ...
2025-10-24T18:03:18.343-03:00  INFO 13448 --- [book-service] [           main] o.f.core.internal.command.DbMigrate      : Current version of schema `book_service`: << Empty Schema >>
2025-10-24T18:03:18.354-03:00  INFO 13448 --- [book-service] [           main] o.f.core.internal.command.DbMigrate      : Migrating schema `book_service` to version "1 - Create Table Books"
2025-10-24T18:03:18.890-03:00  WARN 13448 --- [book-service] [           main] o.f.c.i.s.DefaultSqlScriptExecutor       : DB: Integer display width is deprecated and will be removed in a future release. (SQL State: HY000 - Error Code: 1681)
2025-10-24T18:03:18.923-03:00  INFO 13448 --- [book-service] [           main] o.f.core.internal.command.DbMigrate      : Migrating schema `book_service` to version "2 - Insert Data In Books"
2025-10-24T18:03:18.953-03:00  INFO 13448 --- [book-service] [           main] o.f.core.internal.command.DbMigrate      : Successfully applied 2 migrations to schema `book_service`, now at version v2 (execution time 00:00.544s)
2025-10-24T18:03:19.047-03:00  INFO 13448 --- [book-service] [           main] o.hibernate.jpa.internal.util.LogHelper  : HHH000204: Processing PersistenceUnitInfo [name: default]
2025-10-24T18:03:19.115-03:00  INFO 13448 --- [book-service] [           main] org.hibernate.Version                    : HHH000412: Hibernate ORM core version 6.6.33.Final
2025-10-24T18:03:19.158-03:00  INFO 13448 --- [book-service] [           main] o.h.c.internal.RegionFactoryInitiator    : HHH000026: Second-level cache disabled
2025-10-24T18:03:19.469-03:00  INFO 13448 --- [book-service] [           main] o.s.o.j.p.SpringPersistenceUnitInfo      : No LoadTimeWeaver setup: ignoring JPA class transformer
2025-10-24T18:03:19.547-03:00  INFO 13448 --- [book-service] [           main] org.hibernate.orm.connections.pooling    : HHH10001005: Database info:
	Database JDBC URL [Connecting through datasource 'HikariDataSource (HikariPool-1)']
	Database driver: undefined/unknown
	Database version: 8.4.7
	Autocommit mode: undefined/unknown
	Isolation level: undefined/unknown
	Minimum pool size: undefined/unknown
	Maximum pool size: undefined/unknown
2025-10-24T18:03:19.822-03:00  INFO 13448 --- [book-service] [           main] o.h.e.t.j.p.i.JtaPlatformInitiator       : HHH000489: No JTA platform available (set 'hibernate.transaction.jta.platform' to enable JTA platform integration)
2025-10-24T18:03:19.826-03:00  INFO 13448 --- [book-service] [           main] j.LocalContainerEntityManagerFactoryBean : Initialized JPA EntityManagerFactory for persistence unit 'default'
2025-10-24T18:03:20.732-03:00  INFO 13448 --- [book-service] [           main] o.s.b.a.e.web.EndpointLinksResolver      : Exposing 1 endpoint beneath base path '/actuator'
2025-10-24T18:03:20.828-03:00  INFO 13448 --- [book-service] [           main] b.com.will.BookServiceApplicationTests   : Started BookServiceApplicationTests in 5.322 seconds (process running for 6.466)
]]></system-out>
    <system-err><![CDATA[Mockito is currently self-attaching to enable the inline-mock-maker. This will no longer work in future releases of the JDK. Please add Mockito as an agent to your build as described in Mockito's documentation: https://javadoc.io/doc/org.mockito/mockito-core/latest/org.mockito/org/mockito/Mockito.html#0.3
WARNING: A Java agent has been loaded dynamically (C:\Users\William\.m2\repository\net\bytebuddy\byte-buddy-agent\1.17.8\byte-buddy-agent-1.17.8.jar)
WARNING: If a serviceability tool is in use, please run with -XX:+EnableDynamicAgentLoading to hide this warning
WARNING: If a serviceability tool is not in use, please run with -Djdk.instrument.traceUsage for more information
WARNING: Dynamic loading of agents will be disallowed by default in a future release
]]></system-err>
  </testcase>
</testsuite>